c:\users\phil\documents\oop345\milestone-4-assembly line\milestone-4-assembly line\debug\vc140.pdb
c:\users\phil\documents\oop345\milestone-4-assembly line\milestone-4-assembly line\debug\vc140.idb
c:\users\phil\documents\oop345\milestone-4-assembly line\milestone-4-assembly line\debug\assemblyline.obj
c:\users\phil\documents\oop345\milestone-4-assembly line\milestone-4-assembly line\debug\customeritem.obj
c:\users\phil\documents\oop345\milestone-4-assembly line\milestone-4-assembly line\debug\customerorder.obj
c:\users\phil\documents\oop345\milestone-4-assembly line\milestone-4-assembly line\debug\item.obj
c:\users\phil\documents\oop345\milestone-4-assembly line\milestone-4-assembly line\debug\itemmanager.obj
c:\users\phil\documents\oop345\milestone-4-assembly line\milestone-4-assembly line\debug\main.obj
c:\users\phil\documents\oop345\milestone-4-assembly line\milestone-4-assembly line\debug\ordermanager.obj
c:\users\phil\documents\oop345\milestone-4-assembly line\milestone-4-assembly line\debug\processor.obj
c:\users\phil\documents\oop345\milestone-4-assembly line\milestone-4-assembly line\debug\task.obj
c:\users\phil\documents\oop345\milestone-4-assembly line\milestone-4-assembly line\debug\taskmanager.obj
c:\users\phil\documents\oop345\milestone-4-assembly line\milestone-4-assembly line\debug\utilities.obj
c:\users\phil\documents\oop345\milestone-4-assembly line\debug\milestone-4-assembly line.ilk
c:\users\phil\documents\oop345\milestone-4-assembly line\debug\milestone-4-assembly line.exe
c:\users\phil\documents\oop345\milestone-4-assembly line\debug\milestone-4-assembly line.pdb
c:\users\phil\documents\oop345\milestone-4-assembly line\milestone-4-assembly line\debug\assemblyline.obj.enc
c:\users\phil\documents\oop345\milestone-4-assembly line\milestone-4-assembly line\debug\processor.obj.enc
c:\users\phil\documents\oop345\milestone-4-assembly line\milestone-4-assembly line\debug\mileston.aee80e52.tlog\cl.command.1.tlog
c:\users\phil\documents\oop345\milestone-4-assembly line\milestone-4-assembly line\debug\mileston.aee80e52.tlog\cl.read.1.tlog
c:\users\phil\documents\oop345\milestone-4-assembly line\milestone-4-assembly line\debug\mileston.aee80e52.tlog\cl.write.1.tlog
c:\users\phil\documents\oop345\milestone-4-assembly line\milestone-4-assembly line\debug\mileston.aee80e52.tlog\link.command.1.tlog
c:\users\phil\documents\oop345\milestone-4-assembly line\milestone-4-assembly line\debug\mileston.aee80e52.tlog\link.read.1.tlog
c:\users\phil\documents\oop345\milestone-4-assembly line\milestone-4-assembly line\debug\mileston.aee80e52.tlog\link.write.1.tlog
