Motherboard was moved to the waiting queue
Motherboard was moved to the waiting queue
Motherboard was moved to the waiting queue
Motherboard was moved to the waiting queue
CPU was moved to the waiting queue
Remove CPU was moved to the waiting queue
CPU was moved to the waiting queue
CPU was moved to the waiting queue
CPU was moved to the waiting queue
Memory was moved to the waiting queue
Remove CPU was moved to the waiting queue
Remove CPU was moved to the waiting queue
CPU was moved to the waiting queue
Remove CPU was moved to the waiting queue
CPU was moved to the waiting queue
CPU was moved to the waiting queue
SSD was moved to the waiting queue
Remove CPU was moved to the waiting queue
Remove SSD was moved to the waiting queue
Remove CPU was moved to the waiting queue
CPU was moved to the waiting queue
SSD was moved to the waiting queue
Remove CPU was moved to the waiting queue
CPU was moved to the waiting queue
CPU was moved to the waiting queue
GPU was moved to the waiting queue
Remove CPU was moved to the waiting queue
Remove CPU was moved to the waiting queue
CPU was moved to the waiting queue
Memory was moved to the waiting queue
CPU was moved to the waiting queue
Test was moved to the waiting queue
SSD was moved to the waiting queue
Repair was moved to the waiting queue
Memory was moved to the waiting queue
Remove CPU was moved to the waiting queue
CPU was moved to the waiting queue
GPU was moved to the waiting queue
Remove Memory was moved to the waiting queue
Memory was moved to the waiting queue
Test was moved to the waiting queue
Remove CPU was moved to the waiting queue
CPU was moved to the waiting queue
Remove Memory was moved to the waiting queue
Approve was moved to the waiting queue
Memory was moved to the waiting queue
Remove CPU was moved to the waiting queue
CPU was moved to the waiting queue
SSD was moved to the waiting queue
GPU was moved to the waiting queue
Remove CPU was moved to the waiting queue
CPU was moved to the waiting queue
Test was moved to the waiting queue
Approve was moved to the waiting queue
Remove CPU was moved to the waiting queue
CPU was moved to the waiting queue
Remove CPU was moved to the waiting queue
CPU was moved to the waiting queue
Remove CPU was moved to the waiting queue
CPU was moved to the waiting queue
Remove CPU was moved to the waiting queue
CPU was moved to the waiting queue
Memory was moved to the waiting queue
Remove Memory was moved to the waiting queue
Memory was moved to the waiting queue
Remove Memory was moved to the waiting queue
Memory was moved to the waiting queue
Remove Memory was moved to the waiting queue
Memory was moved to the waiting queue
Remove Memory was moved to the waiting queue
Memory was moved to the waiting queue
Remove Memory was moved to the waiting queue
Memory was moved to the waiting queue
Remove Memory was moved to the waiting queue
Memory was moved to the waiting queue
SSD was moved to the waiting queue
Remove SSD was moved to the waiting queue
SSD was moved to the waiting queue
GPU was moved to the waiting queue
Test was moved to the waiting queue
Repair was moved to the waiting queue
